<?xml version="1.0" encoding="UTF-8"?><testrun name="java" project="airqualtymonitor" tests="7" started="7" failures="0" errors="1" ignored="0">
  <testsuite name="com.airquality.microservice.airqualtymonitor.repository.airDBRepositoryTest" time="3.476" displayname="airDBRepositoryTest" uniqueid="[engine:junit-jupiter]/[class:com.airquality.microservice.airqualtymonitor.repository.airDBRepositoryTest]">
    <testcase name="containsFloor" classname="com.airquality.microservice.airqualtymonitor.repository.airDBRepositoryTest" time="0.988" displayname="containsFloor()" uniqueid="[engine:junit-jupiter]/[class:com.airquality.microservice.airqualtymonitor.repository.airDBRepositoryTest]/[method:containsFloor()]"/>
    <testcase name="floorCarbon" classname="com.airquality.microservice.airqualtymonitor.repository.airDBRepositoryTest" time="0.021" displayname="floorCarbon()" uniqueid="[engine:junit-jupiter]/[class:com.airquality.microservice.airqualtymonitor.repository.airDBRepositoryTest]/[method:floorCarbon()]">
      <error>java.lang.IndexOutOfBoundsException: Index 0 out of bounds for length 0&#13;
	at java.base/jdk.internal.util.Preconditions.outOfBounds(Preconditions.java:100)&#13;
	at java.base/jdk.internal.util.Preconditions.outOfBoundsCheckIndex(Preconditions.java:106)&#13;
	at java.base/jdk.internal.util.Preconditions.checkIndex(Preconditions.java:302)&#13;
	at java.base/java.util.Objects.checkIndex(Objects.java:385)&#13;
	at java.base/java.util.ArrayList.get(ArrayList.java:427)&#13;
	at com.airquality.microservice.airqualtymonitor.repository.airDBRepositoryTest.floorCarbon(airDBRepositoryTest.java:80)&#13;
	at java.base/jdk.internal.reflect.DirectMethodHandleAccessor.invoke(DirectMethodHandleAccessor.java:104)&#13;
	at java.base/java.lang.reflect.Method.invoke(Method.java:578)&#13;
	at org.junit.platform.commons.util.ReflectionUtils.invokeMethod(ReflectionUtils.java:389)&#13;
	at org.junit.jupiter.engine.execution.ExecutableInvoker.invoke(ExecutableInvoker.java:115)&#13;
	at org.junit.jupiter.engine.descriptor.TestMethodTestDescriptor.lambda$invokeTestMethod$6(TestMethodTestDescriptor.java:167)&#13;
	at org.junit.jupiter.engine.execution.ThrowableCollector.execute(ThrowableCollector.java:40)&#13;
	at org.junit.jupiter.engine.descriptor.TestMethodTestDescriptor.invokeTestMethod(TestMethodTestDescriptor.java:163)&#13;
	at org.junit.jupiter.engine.descriptor.TestMethodTestDescriptor.execute(TestMethodTestDescriptor.java:110)&#13;
	at org.junit.jupiter.engine.descriptor.TestMethodTestDescriptor.execute(TestMethodTestDescriptor.java:57)&#13;
	at org.junit.platform.engine.support.hierarchical.HierarchicalTestExecutor.lambda$execute$3(HierarchicalTestExecutor.java:83)&#13;
	at org.junit.platform.engine.support.hierarchical.SingleTestExecutor.executeSafely(SingleTestExecutor.java:66)&#13;
	at org.junit.platform.engine.support.hierarchical.HierarchicalTestExecutor.execute(HierarchicalTestExecutor.java:77)&#13;
	at org.junit.platform.engine.support.hierarchical.HierarchicalTestExecutor.lambda$null$2(HierarchicalTestExecutor.java:92)&#13;
	at java.base/java.util.stream.ForEachOps$ForEachOp$OfRef.accept(ForEachOps.java:183)&#13;
	at java.base/java.util.stream.ReferencePipeline$2$1.accept(ReferencePipeline.java:179)&#13;
	at java.base/java.util.Iterator.forEachRemaining(Iterator.java:133)&#13;
	at java.base/java.util.Spliterators$IteratorSpliterator.forEachRemaining(Spliterators.java:1921)&#13;
	at java.base/java.util.stream.AbstractPipeline.copyInto(AbstractPipeline.java:509)&#13;
	at java.base/java.util.stream.AbstractPipeline.wrapAndCopyInto(AbstractPipeline.java:499)&#13;
	at java.base/java.util.stream.ForEachOps$ForEachOp.evaluateSequential(ForEachOps.java:150)&#13;
	at java.base/java.util.stream.ForEachOps$ForEachOp$OfRef.evaluateSequential(ForEachOps.java:173)&#13;
	at java.base/java.util.stream.AbstractPipeline.evaluate(AbstractPipeline.java:234)&#13;
	at java.base/java.util.stream.ReferencePipeline.forEach(ReferencePipeline.java:596)&#13;
	at org.junit.platform.engine.support.hierarchical.HierarchicalTestExecutor.lambda$execute$3(HierarchicalTestExecutor.java:92)&#13;
	at org.junit.platform.engine.support.hierarchical.SingleTestExecutor.executeSafely(SingleTestExecutor.java:66)&#13;
	at org.junit.platform.engine.support.hierarchical.HierarchicalTestExecutor.execute(HierarchicalTestExecutor.java:77)&#13;
	at org.junit.platform.engine.support.hierarchical.HierarchicalTestExecutor.lambda$null$2(HierarchicalTestExecutor.java:92)&#13;
	at java.base/java.util.stream.ForEachOps$ForEachOp$OfRef.accept(ForEachOps.java:183)&#13;
	at java.base/java.util.stream.ReferencePipeline$2$1.accept(ReferencePipeline.java:179)&#13;
	at java.base/java.util.Iterator.forEachRemaining(Iterator.java:133)&#13;
	at java.base/java.util.Spliterators$IteratorSpliterator.forEachRemaining(Spliterators.java:1921)&#13;
	at java.base/java.util.stream.AbstractPipeline.copyInto(AbstractPipeline.java:509)&#13;
	at java.base/java.util.stream.AbstractPipeline.wrapAndCopyInto(AbstractPipeline.java:499)&#13;
	at java.base/java.util.stream.ForEachOps$ForEachOp.evaluateSequential(ForEachOps.java:150)&#13;
	at java.base/java.util.stream.ForEachOps$ForEachOp$OfRef.evaluateSequential(ForEachOps.java:173)&#13;
	at java.base/java.util.stream.AbstractPipeline.evaluate(AbstractPipeline.java:234)&#13;
	at java.base/java.util.stream.ReferencePipeline.forEach(ReferencePipeline.java:596)&#13;
	at org.junit.platform.engine.support.hierarchical.HierarchicalTestExecutor.lambda$execute$3(HierarchicalTestExecutor.java:92)&#13;
	at org.junit.platform.engine.support.hierarchical.SingleTestExecutor.executeSafely(SingleTestExecutor.java:66)&#13;
	at org.junit.platform.engine.support.hierarchical.HierarchicalTestExecutor.execute(HierarchicalTestExecutor.java:77)&#13;
	at org.junit.platform.engine.support.hierarchical.HierarchicalTestExecutor.execute(HierarchicalTestExecutor.java:51)&#13;
	at org.junit.platform.engine.support.hierarchical.HierarchicalTestEngine.execute(HierarchicalTestEngine.java:43)&#13;
	at org.junit.platform.launcher.core.DefaultLauncher.execute(DefaultLauncher.java:170)&#13;
	at org.junit.platform.launcher.core.DefaultLauncher.execute(DefaultLauncher.java:154)&#13;
	at org.junit.platform.launcher.core.DefaultLauncher.execute(DefaultLauncher.java:90)&#13;
	at org.eclipse.jdt.internal.junit5.runner.JUnit5TestReference.run(JUnit5TestReference.java:86)&#13;
	at org.eclipse.jdt.internal.junit.runner.TestExecution.run(TestExecution.java:38)&#13;
	at org.eclipse.jdt.internal.junit.runner.RemoteTestRunner.runTests(RemoteTestRunner.java:538)&#13;
	at org.eclipse.jdt.internal.junit.runner.RemoteTestRunner.runTests(RemoteTestRunner.java:760)&#13;
	at org.eclipse.jdt.internal.junit.runner.RemoteTestRunner.run(RemoteTestRunner.java:460)&#13;
	at org.eclipse.jdt.internal.junit.runner.RemoteTestRunner.main(RemoteTestRunner.java:206)&#13;
&#13;
</error>
    </testcase>
    <testcase name="floorOxygen" classname="com.airquality.microservice.airqualtymonitor.repository.airDBRepositoryTest" time="1.814" displayname="floorOxygen()" uniqueid="[engine:junit-jupiter]/[class:com.airquality.microservice.airqualtymonitor.repository.airDBRepositoryTest]/[method:floorOxygen()]"/>
    <testcase name="contextLoads" classname="com.airquality.microservice.airqualtymonitor.repository.airDBRepositoryTest" time="0.651" displayname="contextLoads()" uniqueid="[engine:junit-jupiter]/[class:com.airquality.microservice.airqualtymonitor.repository.airDBRepositoryTest]/[method:contextLoads()]"/>
  </testsuite>
  <testsuite name="com.airquality.microservice.airqualtymonitor.service.airQualController" time="0.103" displayname="airQualController" uniqueid="[engine:junit-jupiter]/[class:com.airquality.microservice.airqualtymonitor.service.airQualController]">
    <testcase name="getFloor" classname="com.airquality.microservice.airqualtymonitor.service.airQualController" time="0.103" displayname="getFloor()" uniqueid="[engine:junit-jupiter]/[class:com.airquality.microservice.airqualtymonitor.service.airQualController]/[method:getFloor()]"/>
  </testsuite>
  <testsuite name="com.airquality.microservice.airqualtymonitor.AirqualtymonitorApplicationTests" time="0.049" displayname="AirqualtymonitorApplicationTests" uniqueid="[engine:junit-jupiter]/[class:com.airquality.microservice.airqualtymonitor.AirqualtymonitorApplicationTests]">
    <testcase name="contextLoads" classname="com.airquality.microservice.airqualtymonitor.AirqualtymonitorApplicationTests" time="0.049" displayname="contextLoads()" uniqueid="[engine:junit-jupiter]/[class:com.airquality.microservice.airqualtymonitor.AirqualtymonitorApplicationTests]/[method:contextLoads()]"/>
  </testsuite>
  <testsuite name="com.airquality.microservice.airqualtymonitor.exception.FloorNotFoundExceptionTest" time="0.005" displayname="FloorNotFoundExceptionTest" uniqueid="[engine:junit-jupiter]/[class:com.airquality.microservice.airqualtymonitor.exception.FloorNotFoundExceptionTest]">
    <testcase name="testfloornotfond" classname="com.airquality.microservice.airqualtymonitor.exception.FloorNotFoundExceptionTest" time="0.005" displayname="testfloornotfond()" uniqueid="[engine:junit-jupiter]/[class:com.airquality.microservice.airqualtymonitor.exception.FloorNotFoundExceptionTest]/[method:testfloornotfond()]"/>
  </testsuite>
</testrun>
